1
                 Chemistry at HARvard Macromolecular Mechanics
                (CHARMM) - Free Version 41b2   February 15, 2017                
                                Revision unknown                                
       Copyright(c) 1984-2014  President and Fellows of Harvard College
                              All Rights Reserved
        Current operating system: Linux-4.15.0-33-generic(x86_64)@qc0019        
                 Created on 10/25/18 at 12:06:10 by user: eliot       

            Maximum number of ATOMS:    360720, and RESidues:      120240
 RDTITL> * YO
 RDTITL> *
  
 CHARMM>     
  
 CHARMM>    BOMLEV -10
 MISCOM> Setting BOMLev < -2 is NOT a good idea.
  
 CHARMM>     
  
 CHARMM>    !OPEN UNIT 22 CARD READ NAME top_all36_cgenff.rtf
 CHARMM>    !READ RTF CARD UNIT 22
 CHARMM>    !CLOSE UNIT 22
 CHARMM>     
  
 CHARMM>    !PEN UNIT 22 CARD READ NAME par_all36_cgenff.prm
 CHARMM>    !READ PARA CARD UNIT 22
 CHARMM>    !CLOSE UNIT 22
 CHARMM>     
  
 CHARMM>    OPEN UNIT 22 CARD READ NAME meoh-benzox.rtf
 VOPEN> Attempting to open::meoh-benzox.rtf::
 OPNLGU> Unit 22 opened for READONLY access to meoh-benzox.rtf
  
 CHARMM>    READ RTF CARD UNIT 22
 MAINIO> Residue topology file being read from unit  22.
 TITLE> * TOPOLOGIES GENERATED BY
 TITLE> * CHARMM GENERAL FORCE FIELD (CGENFF) PROGRAM VERSION 1.0.0
 TITLE> *
  
 CHARMM>    CLOSE UNIT 22
 VCLOSE: Closing unit   22 with status "KEEP"
  
 CHARMM>     
  
 CHARMM>    OPEN UNIT 22 CARD READ NAME meoh-benzox.prm
 VOPEN> Attempting to open::meoh-benzox.prm::
 OPNLGU> Unit 22 opened for READONLY access to meoh-benzox.prm
  
 CHARMM>    READ PARA CARD UNIT 22

          PARAMETER FILE BEING READ FROM UNIT 22
 TITLE> * PARAMETERS GENERATED BY ANALOGY BY
 TITLE> * CHARMM GENERAL FORCE FIELD (CGENFF) PROGRAM VERSION 1.0.0
 TITLE> *
 PARMIO> NONBOND, HBOND lists and IMAGE atoms cleared.
  
 CHARMM>    CLOSE UNIT 22
 VCLOSE: Closing unit   22 with status "KEEP"
  
 CHARMM>     
  
 CHARMM>    OPEN UNIT 22 CARD READ NAME benzox-formeohbox.pdb
 VOPEN> Attempting to open::benzox-formeohbox.pdb::
 OPNLGU> Unit 22 opened for READONLY access to benzox-formeohbox.pdb
  
 CHARMM>    READ SEQU PDB UNIT 22
 MAINIO> Sequence information being read from unit  22.
 TITLE>  *

          RESIDUE SEQUENCE --     1 RESIDUES
          BZOX
  
 CHARMM>    GENErate BENZ SETUp WARN FIRST NONE LAST NONE
 NO PATCHING WILL BE DONE ON THE FIRST RESIDUE
 NO PATCHING WILL BE DONE ON THE LAST  RESIDUE
 GENPSF> Segment   1 has been generated. Its identifier is BENZ.
 PSFSUM> PSF modified: NONBOND lists and IMAGE atoms cleared.
 PSFSUM> Summary of the structure file counters :
         Number of segments      =        1   Number of residues   =        1
         Number of atoms         =       13   Number of groups     =        1
         Number of bonds         =       14   Number of angles     =        0
         Number of dihedrals     =        0   Number of impropers  =        0
         Number of cross-terms   =        0
         Number of HB acceptors  =        0   Number of HB donors  =        0
         Number of NB exclusions =        0   Total charge =   -0.00000
 QXFORM> Expanded format used.
         More than 4 character atom type used.
  
 CHARMM>    REWInd UNIT 22
                    REWINDING UNIT    22
  
 CHARMM>    READ COOR PDB UNIT 22
  read CHARMM-pdb format
          SPATIAL COORDINATES BEING READ FROM UNIT 22
 TITLE>  *
  
 CHARMM>    CLOSE UNIT 22
 VCLOSE: Closing unit   22 with status "KEEP"
  
 CHARMM>     
  
 CHARMM>    OPEN UNIT 22 CARD READ NAME meohbox.pdb
 VOPEN> Attempting to open::meohbox.pdb::
 OPNLGU> Unit 22 opened for READONLY access to meohbox.pdb
  
 CHARMM>    READ SEQU PDB UNIT 22
 MAINIO> Sequence information being read from unit  22.
 TITLE>  *

          RESIDUE SEQUENCE --  3215 RESIDUES
          MEOH    MEOH    MEOH    MEOH    MEOH    MEOH    MEOH    MEOH    MEOH    MEOH    MEOH    MEOH    MEOH    MEOH    MEOH    MEOH    MEOH    MEOH    MEOH    MEOH    
          MEOH    MEOH    MEOH    MEOH    MEOH    MEOH    MEOH    MEOH    MEOH    MEOH    MEOH    MEOH    MEOH    MEOH    MEOH    MEOH    MEOH    MEOH    MEOH    MEOH    
          MEOH    MEOH    MEOH    MEOH    MEOH    MEOH    MEOH    MEOH    MEOH    MEOH    MEOH    MEOH    MEOH    MEOH    MEOH    MEOH    MEOH    MEOH    MEOH    MEOH    
          MEOH    MEOH    MEOH    MEOH    MEOH    MEOH    MEOH    MEOH    MEOH    MEOH    MEOH    MEOH    MEOH    MEOH    MEOH    MEOH    MEOH    MEOH    MEOH    MEOH    
          MEOH    MEOH    MEOH    MEOH    MEOH    MEOH    MEOH    MEOH    MEOH    MEOH    MEOH    MEOH    MEOH    MEOH    MEOH    MEOH    MEOH    MEOH    MEOH    MEOH    
          MEOH    MEOH    MEOH    MEOH    MEOH    MEOH    MEOH    MEOH    MEOH    MEOH    MEOH    MEOH    MEOH    MEOH    MEOH    MEOH    MEOH    MEOH    MEOH    MEOH    
          MEOH    MEOH    MEOH    MEOH    MEOH    MEOH    MEOH    MEOH    MEOH    MEOH    MEOH    MEOH    MEOH    MEOH    MEOH    MEOH    MEOH    MEOH    MEOH    MEOH    
          MEOH    MEOH    MEOH    MEOH    MEOH    MEOH    MEOH    MEOH    MEOH    MEOH    MEOH    MEOH    MEOH    MEOH    MEOH    MEOH    MEOH    MEOH    MEOH    MEOH    
          MEOH    MEOH    MEOH    MEOH    MEOH    MEOH    MEOH    MEOH    MEOH    MEOH    MEOH    MEOH    MEOH    MEOH    MEOH    MEOH    MEOH    MEOH    MEOH    MEOH    
          MEOH    MEOH    MEOH    MEOH    MEOH    MEOH    MEOH    MEOH    MEOH    MEOH    MEOH    MEOH    MEOH    MEOH    MEOH    MEOH    MEOH    MEOH    MEOH    MEOH    
          MEOH    MEOH    MEOH    MEOH    MEOH    MEOH    MEOH    MEOH    MEOH    MEOH    MEOH    MEOH    MEOH    MEOH    MEOH    MEOH    MEOH    MEOH    MEOH    MEOH    
          MEOH    MEOH    MEOH    MEOH    MEOH    MEOH    MEOH    MEOH    MEOH    MEOH    MEOH    MEOH    MEOH    MEOH    MEOH    MEOH    MEOH    MEOH    MEOH    MEOH    
          MEOH    MEOH    MEOH    MEOH    MEOH    MEOH    MEOH    MEOH    MEOH    MEOH    MEOH    MEOH    MEOH    MEOH    MEOH    MEOH    MEOH    MEOH    MEOH    MEOH    
          MEOH    MEOH    MEOH    MEOH    MEOH    MEOH    MEOH    MEOH    MEOH    MEOH    MEOH    MEOH    MEOH    MEOH    MEOH    MEOH    MEOH    MEOH    MEOH    MEOH    
          MEOH    MEOH    MEOH    MEOH    MEOH    MEOH    MEOH    MEOH    MEOH    MEOH    MEOH    MEOH    MEOH    MEOH    MEOH    MEOH    MEOH    MEOH    MEOH    MEOH    
          MEOH    MEOH    MEOH    MEOH    MEOH    MEOH    MEOH    MEOH    MEOH    MEOH    MEOH    MEOH    MEOH    MEOH    MEOH    MEOH    MEOH    MEOH    MEOH    MEOH    
          MEOH    MEOH    MEOH    MEOH    MEOH    MEOH    MEOH    MEOH    MEOH    MEOH    MEOH    MEOH    MEOH    MEOH    MEOH    MEOH    MEOH    MEOH    MEOH    MEOH    
          MEOH    MEOH    MEOH    MEOH    MEOH    MEOH    MEOH    MEOH    MEOH    MEOH    MEOH    MEOH    MEOH    MEOH    MEOH    MEOH    MEOH    MEOH    MEOH    MEOH    
          MEOH    MEOH    MEOH    MEOH    MEOH    MEOH    MEOH    MEOH    MEOH    MEOH    MEOH    MEOH    MEOH    MEOH    MEOH    MEOH    MEOH    MEOH    MEOH    MEOH    
          MEOH    MEOH    MEOH    MEOH    MEOH    MEOH    MEOH    MEOH    MEOH    MEOH    MEOH    MEOH    MEOH    MEOH    MEOH    MEOH    MEOH    MEOH    MEOH    MEOH    
          MEOH    MEOH    MEOH    MEOH    MEOH    MEOH    MEOH    MEOH    MEOH    MEOH    MEOH    MEOH    MEOH    MEOH    MEOH    MEOH    MEOH    MEOH    MEOH    MEOH    
          MEOH    MEOH    MEOH    MEOH    MEOH    MEOH    MEOH    MEOH    MEOH    MEOH    MEOH    MEOH    MEOH    MEOH    MEOH    MEOH    MEOH    MEOH    MEOH    MEOH    
          MEOH    MEOH    MEOH    MEOH    MEOH    MEOH    MEOH    MEOH    MEOH    MEOH    MEOH    MEOH    MEOH    MEOH    MEOH    MEOH    MEOH    MEOH    MEOH    MEOH    
          MEOH    MEOH    MEOH    MEOH    MEOH    MEOH    MEOH    MEOH    MEOH    MEOH    MEOH    MEOH    MEOH    MEOH    MEOH    MEOH    MEOH    MEOH    MEOH    MEOH    
          MEOH    MEOH    MEOH    MEOH    MEOH    MEOH    MEOH    MEOH    MEOH    MEOH    MEOH    MEOH    MEOH    MEOH    MEOH    MEOH    MEOH    MEOH    MEOH    MEOH    
          MEOH    MEOH    MEOH    MEOH    MEOH    MEOH    MEOH    MEOH    MEOH    MEOH    MEOH    MEOH    MEOH    MEOH    MEOH    MEOH    MEOH    MEOH    MEOH    MEOH    
          MEOH    MEOH    MEOH    MEOH    MEOH    MEOH    MEOH    MEOH    MEOH    MEOH    MEOH    MEOH    MEOH    MEOH    MEOH    MEOH    MEOH    MEOH    MEOH    MEOH    
          MEOH    MEOH    MEOH    MEOH    MEOH    MEOH    MEOH    MEOH    MEOH    MEOH    MEOH    MEOH    MEOH    MEOH    MEOH    MEOH    MEOH    MEOH    MEOH    MEOH    
          MEOH    MEOH    MEOH    MEOH    MEOH    MEOH    MEOH    MEOH    MEOH    MEOH    MEOH    MEOH    MEOH    MEOH    MEOH    MEOH    MEOH    MEOH    MEOH    MEOH    
          MEOH    MEOH    MEOH    MEOH    MEOH    MEOH    MEOH    MEOH    MEOH    MEOH    MEOH    MEOH    MEOH    MEOH    MEOH    MEOH    MEOH    MEOH    MEOH    MEOH    
          MEOH    MEOH    MEOH    MEOH    MEOH    MEOH    MEOH    MEOH    MEOH    MEOH    MEOH    MEOH    MEOH    MEOH    MEOH    MEOH    MEOH    MEOH    MEOH    MEOH    
          MEOH    MEOH    MEOH    MEOH    MEOH    MEOH    MEOH    MEOH    MEOH    MEOH    MEOH    MEOH    MEOH    MEOH    MEOH    MEOH    MEOH    MEOH    MEOH    MEOH    
          MEOH    MEOH    MEOH    MEOH    MEOH    MEOH    MEOH    MEOH    MEOH    MEOH    MEOH    MEOH    MEOH    MEOH    MEOH    MEOH    MEOH    MEOH    MEOH    MEOH    
          MEOH    MEOH    MEOH    MEOH    MEOH    MEOH    MEOH    MEOH    MEOH    MEOH    MEOH    MEOH    MEOH    MEOH    MEOH    MEOH    MEOH    MEOH    MEOH    MEOH    
          MEOH    MEOH    MEOH    MEOH    MEOH    MEOH    MEOH    MEOH    MEOH    MEOH    MEOH    MEOH    MEOH    MEOH    MEOH    MEOH    MEOH    MEOH    MEOH    MEOH    
          MEOH    MEOH    MEOH    MEOH    MEOH    MEOH    MEOH    MEOH    MEOH    MEOH    MEOH    MEOH    MEOH    MEOH    MEOH    MEOH    MEOH    MEOH    MEOH    MEOH    
          MEOH    MEOH    MEOH    MEOH    MEOH    MEOH    MEOH    MEOH    MEOH    MEOH    MEOH    MEOH    MEOH    MEOH    MEOH    MEOH    MEOH    MEOH    MEOH    MEOH    
          MEOH    MEOH    MEOH    MEOH    MEOH    MEOH    MEOH    MEOH    MEOH    MEOH    MEOH    MEOH    MEOH    MEOH    MEOH    MEOH    MEOH    MEOH    MEOH    MEOH    
          MEOH    MEOH    MEOH    MEOH    MEOH    MEOH    MEOH    MEOH    MEOH    MEOH    MEOH    MEOH    MEOH    MEOH    MEOH    MEOH    MEOH    MEOH    MEOH    MEOH    
          MEOH    MEOH    MEOH    MEOH    MEOH    MEOH    MEOH    MEOH    MEOH    MEOH    MEOH    MEOH    MEOH    MEOH    MEOH    MEOH    MEOH    MEOH    MEOH    MEOH    
          MEOH    MEOH    MEOH    MEOH    MEOH    MEOH    MEOH    MEOH    MEOH    MEOH    MEOH    MEOH    MEOH    MEOH    MEOH    MEOH    MEOH    MEOH    MEOH    MEOH    
          MEOH    MEOH    MEOH    MEOH    MEOH    MEOH    MEOH    MEOH    MEOH    MEOH    MEOH    MEOH    MEOH    MEOH    MEOH    MEOH    MEOH    MEOH    MEOH    MEOH    
          MEOH    MEOH    MEOH    MEOH    MEOH    MEOH    MEOH    MEOH    MEOH    MEOH    MEOH    MEOH    MEOH    MEOH    MEOH    MEOH    MEOH    MEOH    MEOH    MEOH    
          MEOH    MEOH    MEOH    MEOH    MEOH    MEOH    MEOH    MEOH    MEOH    MEOH    MEOH    MEOH    MEOH    MEOH    MEOH    MEOH    MEOH    MEOH    MEOH    MEOH    
          MEOH    MEOH    MEOH    MEOH    MEOH    MEOH    MEOH    MEOH    MEOH    MEOH    MEOH    MEOH    MEOH    MEOH    MEOH    MEOH    MEOH    MEOH    MEOH    MEOH    
          MEOH    MEOH    MEOH    MEOH    MEOH    MEOH    MEOH    MEOH    MEOH    MEOH    MEOH    MEOH    MEOH    MEOH    MEOH    MEOH    MEOH    MEOH    MEOH    MEOH    
          MEOH    MEOH    MEOH    MEOH    MEOH    MEOH    MEOH    MEOH    MEOH    MEOH    MEOH    MEOH    MEOH    MEOH    MEOH    MEOH    MEOH    MEOH    MEOH    MEOH    
          MEOH    MEOH    MEOH    MEOH    MEOH    MEOH    MEOH    MEOH    MEOH    MEOH    MEOH    MEOH    MEOH    MEOH    MEOH    MEOH    MEOH    MEOH    MEOH    MEOH    
          MEOH    MEOH    MEOH    MEOH    MEOH    MEOH    MEOH    MEOH    MEOH    MEOH    MEOH    MEOH    MEOH    MEOH    MEOH    MEOH    MEOH    MEOH    MEOH    MEOH    
          MEOH    MEOH    MEOH    MEOH    MEOH    MEOH    MEOH    MEOH    MEOH    MEOH    MEOH    MEOH    MEOH    MEOH    MEOH    MEOH    MEOH    MEOH    MEOH    MEOH    
          MEOH    MEOH    MEOH    MEOH    MEOH    MEOH    MEOH    MEOH    MEOH    MEOH    MEOH    MEOH    MEOH    MEOH    MEOH    MEOH    MEOH    MEOH    MEOH    MEOH    
          MEOH    MEOH    MEOH    MEOH    MEOH    MEOH    MEOH    MEOH    MEOH    MEOH    MEOH    MEOH    MEOH    MEOH    MEOH    MEOH    MEOH    MEOH    MEOH    MEOH    
          MEOH    MEOH    MEOH    MEOH    MEOH    MEOH    MEOH    MEOH    MEOH    MEOH    MEOH    MEOH    MEOH    MEOH    MEOH    MEOH    MEOH    MEOH    MEOH    MEOH    
          MEOH    MEOH    MEOH    MEOH    MEOH    MEOH    MEOH    MEOH    MEOH    MEOH    MEOH    MEOH    MEOH    MEOH    MEOH    MEOH    MEOH    MEOH    MEOH    MEOH    
          MEOH    MEOH    MEOH    MEOH    MEOH    MEOH    MEOH    MEOH    MEOH    MEOH    MEOH    MEOH    MEOH    MEOH    MEOH    MEOH    MEOH    MEOH    MEOH    MEOH    
          MEOH    MEOH    MEOH    MEOH    MEOH    MEOH    MEOH    MEOH    MEOH    MEOH    MEOH    MEOH    MEOH    MEOH    MEOH    MEOH    MEOH    MEOH    MEOH    MEOH    
          MEOH    MEOH    MEOH    MEOH    MEOH    MEOH    MEOH    MEOH    MEOH    MEOH    MEOH    MEOH    MEOH    MEOH    MEOH    MEOH    MEOH    MEOH    MEOH    MEOH    
          MEOH    MEOH    MEOH    MEOH    MEOH    MEOH    MEOH    MEOH    MEOH    MEOH    MEOH    MEOH    MEOH    MEOH    MEOH    MEOH    MEOH    MEOH    MEOH    MEOH    
          MEOH    MEOH    MEOH    MEOH    MEOH    MEOH    MEOH    MEOH    MEOH    MEOH    MEOH    MEOH    MEOH    MEOH    MEOH    MEOH    MEOH    MEOH    MEOH    MEOH    
          MEOH    MEOH    MEOH    MEOH    MEOH    MEOH    MEOH    MEOH    MEOH    MEOH    MEOH    MEOH    MEOH    MEOH    MEOH    MEOH    MEOH    MEOH    MEOH    MEOH    
          MEOH    MEOH    MEOH    MEOH    MEOH    MEOH    MEOH    MEOH    MEOH    MEOH    MEOH    MEOH    MEOH    MEOH    MEOH    MEOH    MEOH    MEOH    MEOH    MEOH    
          MEOH    MEOH    MEOH    MEOH    MEOH    MEOH    MEOH    MEOH    MEOH    MEOH    MEOH    MEOH    MEOH    MEOH    MEOH    MEOH    MEOH    MEOH    MEOH    MEOH    
          MEOH    MEOH    MEOH    MEOH    MEOH    MEOH    MEOH    MEOH    MEOH    MEOH    MEOH    MEOH    MEOH    MEOH    MEOH    MEOH    MEOH    MEOH    MEOH    MEOH    
          MEOH    MEOH    MEOH    MEOH    MEOH    MEOH    MEOH    MEOH    MEOH    MEOH    MEOH    MEOH    MEOH    MEOH    MEOH    MEOH    MEOH    MEOH    MEOH    MEOH    
          MEOH    MEOH    MEOH    MEOH    MEOH    MEOH    MEOH    MEOH    MEOH    MEOH    MEOH    MEOH    MEOH    MEOH    MEOH    MEOH    MEOH    MEOH    MEOH    MEOH    
          MEOH    MEOH    MEOH    MEOH    MEOH    MEOH    MEOH    MEOH    MEOH    MEOH    MEOH    MEOH    MEOH    MEOH    MEOH    MEOH    MEOH    MEOH    MEOH    MEOH    
          MEOH    MEOH    MEOH    MEOH    MEOH    MEOH    MEOH    MEOH    MEOH    MEOH    MEOH    MEOH    MEOH    MEOH    MEOH    MEOH    MEOH    MEOH    MEOH    MEOH    
          MEOH    MEOH    MEOH    MEOH    MEOH    MEOH    MEOH    MEOH    MEOH    MEOH    MEOH    MEOH    MEOH    MEOH    MEOH    MEOH    MEOH    MEOH    MEOH    MEOH    
          MEOH    MEOH    MEOH    MEOH    MEOH    MEOH    MEOH    MEOH    MEOH    MEOH    MEOH    MEOH    MEOH    MEOH    MEOH    MEOH    MEOH    MEOH    MEOH    MEOH    
          MEOH    MEOH    MEOH    MEOH    MEOH    MEOH    MEOH    MEOH    MEOH    MEOH    MEOH    MEOH    MEOH    MEOH    MEOH    MEOH    MEOH    MEOH    MEOH    MEOH    
          MEOH    MEOH    MEOH    MEOH    MEOH    MEOH    MEOH    MEOH    MEOH    MEOH    MEOH    MEOH    MEOH    MEOH    MEOH    MEOH    MEOH    MEOH    MEOH    MEOH    
          MEOH    MEOH    MEOH    MEOH    MEOH    MEOH    MEOH    MEOH    MEOH    MEOH    MEOH    MEOH    MEOH    MEOH    MEOH    MEOH    MEOH    MEOH    MEOH    MEOH    
          MEOH    MEOH    MEOH    MEOH    MEOH    MEOH    MEOH    MEOH    MEOH    MEOH    MEOH    MEOH    MEOH    MEOH    MEOH    MEOH    MEOH    MEOH    MEOH    MEOH    
          MEOH    MEOH    MEOH    MEOH    MEOH    MEOH    MEOH    MEOH    MEOH    MEOH    MEOH    MEOH    MEOH    MEOH    MEOH    MEOH    MEOH    MEOH    MEOH    MEOH    
          MEOH    MEOH    MEOH    MEOH    MEOH    MEOH    MEOH    MEOH    MEOH    MEOH    MEOH    MEOH    MEOH    MEOH    MEOH    MEOH    MEOH    MEOH    MEOH    MEOH    
          MEOH    MEOH    MEOH    MEOH    MEOH    MEOH    MEOH    MEOH    MEOH    MEOH    MEOH    MEOH    MEOH    MEOH    MEOH    MEOH    MEOH    MEOH    MEOH    MEOH    
          MEOH    MEOH    MEOH    MEOH    MEOH    MEOH    MEOH    MEOH    MEOH    MEOH    MEOH    MEOH    MEOH    MEOH    MEOH    MEOH    MEOH    MEOH    MEOH    MEOH    
          MEOH    MEOH    MEOH    MEOH    MEOH    MEOH    MEOH    MEOH    MEOH    MEOH    MEOH    MEOH    MEOH    MEOH    MEOH    MEOH    MEOH    MEOH    MEOH    MEOH    
          MEOH    MEOH    MEOH    MEOH    MEOH    MEOH    MEOH    MEOH    MEOH    MEOH    MEOH    MEOH    MEOH    MEOH    MEOH    MEOH    MEOH    MEOH    MEOH    MEOH    
          MEOH    MEOH    MEOH    MEOH    MEOH    MEOH    MEOH    MEOH    MEOH    MEOH    MEOH    MEOH    MEOH    MEOH    MEOH    MEOH    MEOH    MEOH    MEOH    MEOH    
          MEOH    MEOH    MEOH    MEOH    MEOH    MEOH    MEOH    MEOH    MEOH    MEOH    MEOH    MEOH    MEOH    MEOH    MEOH    MEOH    MEOH    MEOH    MEOH    MEOH    
          MEOH    MEOH    MEOH    MEOH    MEOH    MEOH    MEOH    MEOH    MEOH    MEOH    MEOH    MEOH    MEOH    MEOH    MEOH    MEOH    MEOH    MEOH    MEOH    MEOH    
          MEOH    MEOH    MEOH    MEOH    MEOH    MEOH    MEOH    MEOH    MEOH    MEOH    MEOH    MEOH    MEOH    MEOH    MEOH    MEOH    MEOH    MEOH    MEOH    MEOH    
          MEOH    MEOH    MEOH    MEOH    MEOH    MEOH    MEOH    MEOH    MEOH    MEOH    MEOH    MEOH    MEOH    MEOH    MEOH    MEOH    MEOH    MEOH    MEOH    MEOH    
          MEOH    MEOH    MEOH    MEOH    MEOH    MEOH    MEOH    MEOH    MEOH    MEOH    MEOH    MEOH    MEOH    MEOH    MEOH    MEOH    MEOH    MEOH    MEOH    MEOH    
          MEOH    MEOH    MEOH    MEOH    MEOH    MEOH    MEOH    MEOH    MEOH    MEOH    MEOH    MEOH    MEOH    MEOH    MEOH    MEOH    MEOH    MEOH    MEOH    MEOH    
          MEOH    MEOH    MEOH    MEOH    MEOH    MEOH    MEOH    MEOH    MEOH    MEOH    MEOH    MEOH    MEOH    MEOH    MEOH    MEOH    MEOH    MEOH    MEOH    MEOH    
          MEOH    MEOH    MEOH    MEOH    MEOH    MEOH    MEOH    MEOH    MEOH    MEOH    MEOH    MEOH    MEOH    MEOH    MEOH    MEOH    MEOH    MEOH    MEOH    MEOH    
          MEOH    MEOH    MEOH    MEOH    MEOH    MEOH    MEOH    MEOH    MEOH    MEOH    MEOH    MEOH    MEOH    MEOH    MEOH    MEOH    MEOH    MEOH    MEOH    MEOH    
          MEOH    MEOH    MEOH    MEOH    MEOH    MEOH    MEOH    MEOH    MEOH    MEOH    MEOH    MEOH    MEOH    MEOH    MEOH    MEOH    MEOH    MEOH    MEOH    MEOH    
          MEOH    MEOH    MEOH    MEOH    MEOH    MEOH    MEOH    MEOH    MEOH    MEOH    MEOH    MEOH    MEOH    MEOH    MEOH    MEOH    MEOH    MEOH    MEOH    MEOH    
          MEOH    MEOH    MEOH    MEOH    MEOH    MEOH    MEOH    MEOH    MEOH    MEOH    MEOH    MEOH    MEOH    MEOH    MEOH    MEOH    MEOH    MEOH    MEOH    MEOH    
          MEOH    MEOH    MEOH    MEOH    MEOH    MEOH    MEOH    MEOH    MEOH    MEOH    MEOH    MEOH    MEOH    MEOH    MEOH    MEOH    MEOH    MEOH    MEOH    MEOH    
          MEOH    MEOH    MEOH    MEOH    MEOH    MEOH    MEOH    MEOH    MEOH    MEOH    MEOH    MEOH    MEOH    MEOH    MEOH    MEOH    MEOH    MEOH    MEOH    MEOH    
          MEOH    MEOH    MEOH    MEOH    MEOH    MEOH    MEOH    MEOH    MEOH    MEOH    MEOH    MEOH    MEOH    MEOH    MEOH    MEOH    MEOH    MEOH    MEOH    MEOH    
          MEOH    MEOH    MEOH    MEOH    MEOH    MEOH    MEOH    MEOH    MEOH    MEOH    MEOH    MEOH    MEOH    MEOH    MEOH    MEOH    MEOH    MEOH    MEOH    MEOH    
          MEOH    MEOH    MEOH    MEOH    MEOH    MEOH    MEOH    MEOH    MEOH    MEOH    MEOH    MEOH    MEOH    MEOH    MEOH    MEOH    MEOH    MEOH    MEOH    MEOH    
          MEOH    MEOH    MEOH    MEOH    MEOH    MEOH    MEOH    MEOH    MEOH    MEOH    MEOH    MEOH    MEOH    MEOH    MEOH    MEOH    MEOH    MEOH    MEOH    MEOH    
          MEOH    MEOH    MEOH    MEOH    MEOH    MEOH    MEOH    MEOH    MEOH    MEOH    MEOH    MEOH    MEOH    MEOH    MEOH    MEOH    MEOH    MEOH    MEOH    MEOH    
          MEOH    MEOH    MEOH    MEOH    MEOH    MEOH    MEOH    MEOH    MEOH    MEOH    MEOH    MEOH    MEOH    MEOH    MEOH    MEOH    MEOH    MEOH    MEOH    MEOH    
          MEOH    MEOH    MEOH    MEOH    MEOH    MEOH    MEOH    MEOH    MEOH    MEOH    MEOH    MEOH    MEOH    MEOH    MEOH    MEOH    MEOH    MEOH    MEOH    MEOH    
          MEOH    MEOH    MEOH    MEOH    MEOH    MEOH    MEOH    MEOH    MEOH    MEOH    MEOH    MEOH    MEOH    MEOH    MEOH    MEOH    MEOH    MEOH    MEOH    MEOH    
          MEOH    MEOH    MEOH    MEOH    MEOH    MEOH    MEOH    MEOH    MEOH    MEOH    MEOH    MEOH    MEOH    MEOH    MEOH    MEOH    MEOH    MEOH    MEOH    MEOH    
          MEOH    MEOH    MEOH    MEOH    MEOH    MEOH    MEOH    MEOH    MEOH    MEOH    MEOH    MEOH    MEOH    MEOH    MEOH    MEOH    MEOH    MEOH    MEOH    MEOH    
          MEOH    MEOH    MEOH    MEOH    MEOH    MEOH    MEOH    MEOH    MEOH    MEOH    MEOH    MEOH    MEOH    MEOH    MEOH    MEOH    MEOH    MEOH    MEOH    MEOH    
          MEOH    MEOH    MEOH    MEOH    MEOH    MEOH    MEOH    MEOH    MEOH    MEOH    MEOH    MEOH    MEOH    MEOH    MEOH    MEOH    MEOH    MEOH    MEOH    MEOH    
          MEOH    MEOH    MEOH    MEOH    MEOH    MEOH    MEOH    MEOH    MEOH    MEOH    MEOH    MEOH    MEOH    MEOH    MEOH    MEOH    MEOH    MEOH    MEOH    MEOH    
          MEOH    MEOH    MEOH    MEOH    MEOH    MEOH    MEOH    MEOH    MEOH    MEOH    MEOH    MEOH    MEOH    MEOH    MEOH    MEOH    MEOH    MEOH    MEOH    MEOH    
          MEOH    MEOH    MEOH    MEOH    MEOH    MEOH    MEOH    MEOH    MEOH    MEOH    MEOH    MEOH    MEOH    MEOH    MEOH    MEOH    MEOH    MEOH    MEOH    MEOH    
          MEOH    MEOH    MEOH    MEOH    MEOH    MEOH    MEOH    MEOH    MEOH    MEOH    MEOH    MEOH    MEOH    MEOH    MEOH    MEOH    MEOH    MEOH    MEOH    MEOH    
          MEOH    MEOH    MEOH    MEOH    MEOH    MEOH    MEOH    MEOH    MEOH    MEOH    MEOH    MEOH    MEOH    MEOH    MEOH    MEOH    MEOH    MEOH    MEOH    MEOH    
          MEOH    MEOH    MEOH    MEOH    MEOH    MEOH    MEOH    MEOH    MEOH    MEOH    MEOH    MEOH    MEOH    MEOH    MEOH    MEOH    MEOH    MEOH    MEOH    MEOH    
          MEOH    MEOH    MEOH    MEOH    MEOH    MEOH    MEOH    MEOH    MEOH    MEOH    MEOH    MEOH    MEOH    MEOH    MEOH    MEOH    MEOH    MEOH    MEOH    MEOH    
          MEOH    MEOH    MEOH    MEOH    MEOH    MEOH    MEOH    MEOH    MEOH    MEOH    MEOH    MEOH    MEOH    MEOH    MEOH    MEOH    MEOH    MEOH    MEOH    MEOH    
          MEOH    MEOH    MEOH    MEOH    MEOH    MEOH    MEOH    MEOH    MEOH    MEOH    MEOH    MEOH    MEOH    MEOH    MEOH    MEOH    MEOH    MEOH    MEOH    MEOH    
          MEOH    MEOH    MEOH    MEOH    MEOH    MEOH    MEOH    MEOH    MEOH    MEOH    MEOH    MEOH    MEOH    MEOH    MEOH    MEOH    MEOH    MEOH    MEOH    MEOH    
          MEOH    MEOH    MEOH    MEOH    MEOH    MEOH    MEOH    MEOH    MEOH    MEOH    MEOH    MEOH    MEOH    MEOH    MEOH    MEOH    MEOH    MEOH    MEOH    MEOH    
          MEOH    MEOH    MEOH    MEOH    MEOH    MEOH    MEOH    MEOH    MEOH    MEOH    MEOH    MEOH    MEOH    MEOH    MEOH    MEOH    MEOH    MEOH    MEOH    MEOH    
          MEOH    MEOH    MEOH    MEOH    MEOH    MEOH    MEOH    MEOH    MEOH    MEOH    MEOH    MEOH    MEOH    MEOH    MEOH    MEOH    MEOH    MEOH    MEOH    MEOH    
          MEOH    MEOH    MEOH    MEOH    MEOH    MEOH    MEOH    MEOH    MEOH    MEOH    MEOH    MEOH    MEOH    MEOH    MEOH    MEOH    MEOH    MEOH    MEOH    MEOH    
          MEOH    MEOH    MEOH    MEOH    MEOH    MEOH    MEOH    MEOH    MEOH    MEOH    MEOH    MEOH    MEOH    MEOH    MEOH    MEOH    MEOH    MEOH    MEOH    MEOH    
          MEOH    MEOH    MEOH    MEOH    MEOH    MEOH    MEOH    MEOH    MEOH    MEOH    MEOH    MEOH    MEOH    MEOH    MEOH    MEOH    MEOH    MEOH    MEOH    MEOH    
          MEOH    MEOH    MEOH    MEOH    MEOH    MEOH    MEOH    MEOH    MEOH    MEOH    MEOH    MEOH    MEOH    MEOH    MEOH    MEOH    MEOH    MEOH    MEOH    MEOH    
          MEOH    MEOH    MEOH    MEOH    MEOH    MEOH    MEOH    MEOH    MEOH    MEOH    MEOH    MEOH    MEOH    MEOH    MEOH    MEOH    MEOH    MEOH    MEOH    MEOH    
          MEOH    MEOH    MEOH    MEOH    MEOH    MEOH    MEOH    MEOH    MEOH    MEOH    MEOH    MEOH    MEOH    MEOH    MEOH    MEOH    MEOH    MEOH    MEOH    MEOH    
          MEOH    MEOH    MEOH    MEOH    MEOH    MEOH    MEOH    MEOH    MEOH    MEOH    MEOH    MEOH    MEOH    MEOH    MEOH    MEOH    MEOH    MEOH    MEOH    MEOH    
          MEOH    MEOH    MEOH    MEOH    MEOH    MEOH    MEOH    MEOH    MEOH    MEOH    MEOH    MEOH    MEOH    MEOH    MEOH    MEOH    MEOH    MEOH    MEOH    MEOH    
          MEOH    MEOH    MEOH    MEOH    MEOH    MEOH    MEOH    MEOH    MEOH    MEOH    MEOH    MEOH    MEOH    MEOH    MEOH    MEOH    MEOH    MEOH    MEOH    MEOH    
          MEOH    MEOH    MEOH    MEOH    MEOH    MEOH    MEOH    MEOH    MEOH    MEOH    MEOH    MEOH    MEOH    MEOH    MEOH    MEOH    MEOH    MEOH    MEOH    MEOH    
          MEOH    MEOH    MEOH    MEOH    MEOH    MEOH    MEOH    MEOH    MEOH    MEOH    MEOH    MEOH    MEOH    MEOH    MEOH    MEOH    MEOH    MEOH    MEOH    MEOH    
          MEOH    MEOH    MEOH    MEOH    MEOH    MEOH    MEOH    MEOH    MEOH    MEOH    MEOH    MEOH    MEOH    MEOH    MEOH    MEOH    MEOH    MEOH    MEOH    MEOH    
          MEOH    MEOH    MEOH    MEOH    MEOH    MEOH    MEOH    MEOH    MEOH    MEOH    MEOH    MEOH    MEOH    MEOH    MEOH    MEOH    MEOH    MEOH    MEOH    MEOH    
          MEOH    MEOH    MEOH    MEOH    MEOH    MEOH    MEOH    MEOH    MEOH    MEOH    MEOH    MEOH    MEOH    MEOH    MEOH    MEOH    MEOH    MEOH    MEOH    MEOH    
          MEOH    MEOH    MEOH    MEOH    MEOH    MEOH    MEOH    MEOH    MEOH    MEOH    MEOH    MEOH    MEOH    MEOH    MEOH    MEOH    MEOH    MEOH    MEOH    MEOH    
          MEOH    MEOH    MEOH    MEOH    MEOH    MEOH    MEOH    MEOH    MEOH    MEOH    MEOH    MEOH    MEOH    MEOH    MEOH    MEOH    MEOH    MEOH    MEOH    MEOH    
          MEOH    MEOH    MEOH    MEOH    MEOH    MEOH    MEOH    MEOH    MEOH    MEOH    MEOH    MEOH    MEOH    MEOH    MEOH    MEOH    MEOH    MEOH    MEOH    MEOH    
          MEOH    MEOH    MEOH    MEOH    MEOH    MEOH    MEOH    MEOH    MEOH    MEOH    MEOH    MEOH    MEOH    MEOH    MEOH    MEOH    MEOH    MEOH    MEOH    MEOH    
          MEOH    MEOH    MEOH    MEOH    MEOH    MEOH    MEOH    MEOH    MEOH    MEOH    MEOH    MEOH    MEOH    MEOH    MEOH    MEOH    MEOH    MEOH    MEOH    MEOH    
          MEOH    MEOH    MEOH    MEOH    MEOH    MEOH    MEOH    MEOH    MEOH    MEOH    MEOH    MEOH    MEOH    MEOH    MEOH    MEOH    MEOH    MEOH    MEOH    MEOH    
          MEOH    MEOH    MEOH    MEOH    MEOH    MEOH    MEOH    MEOH    MEOH    MEOH    MEOH    MEOH    MEOH    MEOH    MEOH    MEOH    MEOH    MEOH    MEOH    MEOH    
          MEOH    MEOH    MEOH    MEOH    MEOH    MEOH    MEOH    MEOH    MEOH    MEOH    MEOH    MEOH    MEOH    MEOH    MEOH    MEOH    MEOH    MEOH    MEOH    MEOH    
          MEOH    MEOH    MEOH    MEOH    MEOH    MEOH    MEOH    MEOH    MEOH    MEOH    MEOH    MEOH    MEOH    MEOH    MEOH    MEOH    MEOH    MEOH    MEOH    MEOH    
          MEOH    MEOH    MEOH    MEOH    MEOH    MEOH    MEOH    MEOH    MEOH    MEOH    MEOH    MEOH    MEOH    MEOH    MEOH    MEOH    MEOH    MEOH    MEOH    MEOH    
          MEOH    MEOH    MEOH    MEOH    MEOH    MEOH    MEOH    MEOH    MEOH    MEOH    MEOH    MEOH    MEOH    MEOH    MEOH    MEOH    MEOH    MEOH    MEOH    MEOH    
          MEOH    MEOH    MEOH    MEOH    MEOH    MEOH    MEOH    MEOH    MEOH    MEOH    MEOH    MEOH    MEOH    MEOH    MEOH    MEOH    MEOH    MEOH    MEOH    MEOH    
          MEOH    MEOH    MEOH    MEOH    MEOH    MEOH    MEOH    MEOH    MEOH    MEOH    MEOH    MEOH    MEOH    MEOH    MEOH    MEOH    MEOH    MEOH    MEOH    MEOH    
          MEOH    MEOH    MEOH    MEOH    MEOH    MEOH    MEOH    MEOH    MEOH    MEOH    MEOH    MEOH    MEOH    MEOH    MEOH    MEOH    MEOH    MEOH    MEOH    MEOH    
          MEOH    MEOH    MEOH    MEOH    MEOH    MEOH    MEOH    MEOH    MEOH    MEOH    MEOH    MEOH    MEOH    MEOH    MEOH    MEOH    MEOH    MEOH    MEOH    MEOH    
          MEOH    MEOH    MEOH    MEOH    MEOH    MEOH    MEOH    MEOH    MEOH    MEOH    MEOH    MEOH    MEOH    MEOH    MEOH    MEOH    MEOH    MEOH    MEOH    MEOH    
          MEOH    MEOH    MEOH    MEOH    MEOH    MEOH    MEOH    MEOH    MEOH    MEOH    MEOH    MEOH    MEOH    MEOH    MEOH    MEOH    MEOH    MEOH    MEOH    MEOH    
          MEOH    MEOH    MEOH    MEOH    MEOH    MEOH    MEOH    MEOH    MEOH    MEOH    MEOH    MEOH    MEOH    MEOH    MEOH    MEOH    MEOH    MEOH    MEOH    MEOH    
          MEOH    MEOH    MEOH    MEOH    MEOH    MEOH    MEOH    MEOH    MEOH    MEOH    MEOH    MEOH    MEOH    MEOH    MEOH    MEOH    MEOH    MEOH    MEOH    MEOH    
          MEOH    MEOH    MEOH    MEOH    MEOH    MEOH    MEOH    MEOH    MEOH    MEOH    MEOH    MEOH    MEOH    MEOH    MEOH    MEOH    MEOH    MEOH    MEOH    MEOH    
          MEOH    MEOH    MEOH    MEOH    MEOH    MEOH    MEOH    MEOH    MEOH    MEOH    MEOH    MEOH    MEOH    MEOH    MEOH    MEOH    MEOH    MEOH    MEOH    MEOH    
          MEOH    MEOH    MEOH    MEOH    MEOH    MEOH    MEOH    MEOH    MEOH    MEOH    MEOH    MEOH    MEOH    MEOH    MEOH    MEOH    MEOH    MEOH    MEOH    MEOH    
          MEOH    MEOH    MEOH    MEOH    MEOH    MEOH    MEOH    MEOH    MEOH    MEOH    MEOH    MEOH    MEOH    MEOH    MEOH    MEOH    MEOH    MEOH    MEOH    MEOH    
          MEOH    MEOH    MEOH    MEOH    MEOH    MEOH    MEOH    MEOH    MEOH    MEOH    MEOH    MEOH    MEOH    MEOH    MEOH    MEOH    MEOH    MEOH    MEOH    MEOH    
          MEOH    MEOH    MEOH    MEOH    MEOH    MEOH    MEOH    MEOH    MEOH    MEOH    MEOH    MEOH    MEOH    MEOH    MEOH    MEOH    MEOH    MEOH    MEOH    MEOH    
          MEOH    MEOH    MEOH    MEOH    MEOH    MEOH    MEOH    MEOH    MEOH    MEOH    MEOH    MEOH    MEOH    MEOH    MEOH    MEOH    MEOH    MEOH    MEOH    MEOH    
          MEOH    MEOH    MEOH    MEOH    MEOH    MEOH    MEOH    MEOH    MEOH    MEOH    MEOH    MEOH    MEOH    MEOH    MEOH    MEOH    MEOH    MEOH    MEOH    MEOH    
          MEOH    MEOH    MEOH    MEOH    MEOH    MEOH    MEOH    MEOH    MEOH    MEOH    MEOH    MEOH    MEOH    MEOH    MEOH    
  
 CHARMM>    GENErate MEBO SETUp WARN FIRST NONE LAST NONE
 NO PATCHING WILL BE DONE ON THE FIRST RESIDUE
 NO PATCHING WILL BE DONE ON THE LAST  RESIDUE
 GENPSF> Segment   2 has been generated. Its identifier is MEBO.
 PSFSUM> PSF modified: NONBOND lists and IMAGE atoms cleared.
 PSFSUM> Summary of the structure file counters :
         Number of segments      =        2   Number of residues   =     3216
         Number of atoms         =    19303   Number of groups     =     3216
         Number of bonds         =    16089   Number of angles     =        0
         Number of dihedrals     =        0   Number of impropers  =        0
         Number of cross-terms   =        0
         Number of HB acceptors  =     3215   Number of HB donors  =     3215
         Number of NB exclusions =        0   Total charge =   -0.00000
  
 CHARMM>    REWInd UNIT 22
                    REWINDING UNIT    22
  
 CHARMM>    READ COOR PDB UNIT 22
  read CHARMM-pdb format
          SPATIAL COORDINATES BEING READ FROM UNIT 22
 TITLE>  *

 ** WARNING ** For atom in coordinate file, the residue type does not match that (RESN) in the PSF:    1 PSF= BZOX INPUT= MEOH

 ** WARNING ** For atom in coordinate file, the corresponding residue in the PSF lacks that atom:
 INDEX=    1 IRES=    1 RESID=1    RES=MEOH ATOM=CB  

 ** WARNING ** For atom in coordinate file, the residue type does not match that (RESN) in the PSF:    1 PSF= BZOX INPUT= MEOH

 ** WARNING ** For atom in coordinate file, the corresponding residue in the PSF lacks that atom:
 INDEX=    2 IRES=    1 RESID=1    RES=MEOH ATOM=OG  

 ** WARNING ** For atom in coordinate file, the residue type does not match that (RESN) in the PSF:    1 PSF= BZOX INPUT= MEOH

 ** WARNING ** For atom in coordinate file, the corresponding residue in the PSF lacks that atom:
 INDEX=    3 IRES=    1 RESID=1    RES=MEOH ATOM=HB1 

 ** WARNING ** For atom in coordinate file, the residue type does not match that (RESN) in the PSF:    1 PSF= BZOX INPUT= MEOH

 ** WARNING ** For atom in coordinate file, the corresponding residue in the PSF lacks that atom:
 INDEX=    4 IRES=    1 RESID=1    RES=MEOH ATOM=HB2 

 ** WARNING ** For atom in coordinate file, the residue type does not match that (RESN) in the PSF:    1 PSF= BZOX INPUT= MEOH

 ** WARNING ** For atom in coordinate file, the corresponding residue in the PSF lacks that atom:
 INDEX=    5 IRES=    1 RESID=1    RES=MEOH ATOM=HB3 

 ** WARNING ** For atom in coordinate file, the corresponding residue in the PSF lacks that atom:
 INDEX=    6 IRES=    1 RESID=1    RES=MEOH ATOM=HG1 
 ** WARNING ** After reading, there are no coordinates for selected atom: 19294  3215 MEOH HG1 
 ** WARNING ** After reading, there are no coordinates for selected atom: 19298  3216 MEOH CB  
 ** WARNING ** After reading, there are no coordinates for selected atom: 19299  3216 MEOH OG  
 ** WARNING ** After reading, there are no coordinates for selected atom: 19300  3216 MEOH HG1 
 ** WARNING ** After reading, there are no coordinates for selected atom: 19301  3216 MEOH HB1 
 ** WARNING ** After reading, there are no coordinates for selected atom: 19302  3216 MEOH HB2 
 ** WARNING ** After reading, there are no coordinates for selected atom: 19303  3216 MEOH HB3 

 ** A total of     7 selected atoms have no coordinates

 ** A total of    6 warnings were encountered during coordinate reading **
 *** LEVEL  2 WARNING *** BOMLEV IS  -10

 ** WARNING **     6 atoms in coordinates file had a sequence mismatch.
 *** LEVEL  0 WARNING *** BOMLEV IS  -10
  
 CHARMM>    CLOSE UNIT 22
 VCLOSE: Closing unit   22 with status "KEEP"
  
 CHARMM>     
  
 CHARMM>    !IC FILL
 CHARMM>    !IC PARAmeters
 CHARMM>    !IC BUILd
 CHARMM>    !HBUIld SELE ALL END
 CHARMM>     
  
 CHARMM>    ! JOIN A RENUM
 CHARMM>    ! JOIN B RENUM
 CHARMM>    ! mini sd nstep 50
 CHARMM>    ! mini abnr nstep 1000000 tolg 0.01
 CHARMM>     
  
 CHARMM>    OPEN UNIT 1 WRITe CARD NAME meoh40box.psf
 VOPEN> Attempting to open::meoh40box.psf::
 OPNLGU> Unit  1 opened for WRITE access to meoh40box.psf
  
 CHARMM>    WRITe PSF CARD UNIT 1
 RDTITL>  
 RDTITL> No title read.
  
 CHARMM>     
  
 CHARMM>    OPEN UNIT 1 WRITe CARD NAME meoh40box.pdb
 OPNLGU> Unit already open. The old file will be closed first.
 VCLOSE: Closing unit    1 with status "KEEP"
 VOPEN> Attempting to open::meoh40box.pdb::
 OPNLGU> Unit  1 opened for WRITE access to meoh40box.pdb
  
 CHARMM>    WRITe COOR PDB UNIT 1
 RDTITL>  
 RDTITL> No title read.
  Write CHARMM-pdb format
  
 CHARMM>     
  
 CHARMM>    OPEN WRITE UNIT 1 CARD NAME meph40box.xplor.ext.psf
 OPNLGU> Unit already open. The old file will be closed first.
 VCLOSE: Closing unit    1 with status "KEEP"
 VOPEN> Attempting to open::meph40box.xplor.ext.psf::
 OPNLGU> Unit  1 opened for WRITE access to meph40box.xplor.ext.psf
  
 CHARMM>    WRITE PSF  XPLO UNIT 1 CARD
 RDTITL>  
 RDTITL> No title read.
  
 CHARMM>     
  
 CHARMM>     
  
 CHARMM>     
  
 VCLOSE: Closing unit    1 with status "KEEP"
$$$$$$  New timer profile $$$$$
 Total time                      0.52 Other:            0.00

                    NORMAL TERMINATION BY END OF FILE
                    MOST SEVERE WARNING WAS AT LEVEL  0

                    $$$$$ JOB ACCOUNTING INFORMATION $$$$$
                     ELAPSED TIME:     0.52  SECONDS 
                         CPU TIME:     0.52  SECONDS 
