Charm++: standalone mode (not using charmrun)
Charm++> Running in Multicore mode:  1 threads
Charm++> Using recursive bisection (scheme 3) for topology aware partitions
Converse/Charm++ Commit ID: v6.7.1-0-gbdf6a1b-namd-charm-6.7.1-build-2016-Nov-07-136676
Warning> Randomization of stack pointer is turned on in kernel, thread migration may not work! Run 'echo 0 > /proc/sys/kernel/randomize_va_space' as root to disable it, or try run with '+isomalloc_sync'.  
CharmLB> Load balancer assumes all CPUs are same.
Charm++> Running on 1 unique compute nodes (4-way SMP).
Charm++> cpu topology info is gathered in 0.000 seconds.
Info: NAMD 2.12 for Linux-x86_64-multicore
Info: 
Info: Please visit http://www.ks.uiuc.edu/Research/namd/
Info: for updates, documentation, and support information.
Info: 
Info: Please cite Phillips et al., J. Comp. Chem. 26:1781-1802 (2005)
Info: in all publications reporting results obtained with NAMD.
Info: 
Info: Based on Charm++/Converse 60701 for multicore-linux64-iccstatic
Info: Built Wed Dec 21 11:36:52 CST 2016 by jim on harare.ks.uiuc.edu
Info: 1 NAMD  2.12  Linux-x86_64-multicore  1    qc0019  eliot
Info: Running on 1 processors, 1 nodes, 1 physical nodes.
Info: CPU topology information available.
Info: Charm++/Converse parallel runtime startup completed at 0.00135708 s
CkLoopLib is used in SMP with a simple dynamic scheduling (converse-level notification) but not using node-level queue
Info: 47.0898 MB of memory in use based on /proc/self/stat
Info: Configuration file is mmgrad-mmjob.conf
Info: Working in the current directory /home/eliot/Zonkey/waterdimer
TCL: Suspending until startup complete.
Info: SIMULATION PARAMETERS:
Info: TIMESTEP               1
Info: NUMBER OF STEPS        0
Info: STEPS PER CYCLE        1
Info: LOAD BALANCER  Centralized
Info: LOAD BALANCING STRATEGY  New Load Balancers -- DEFAULT
Info: LDB PERIOD             200 steps
Info: FIRST LDB TIMESTEP     5
Info: LAST LDB TIMESTEP     -1
Info: LDB BACKGROUND SCALING 1
Info: HOM BACKGROUND SCALING 1
Info: MIN ATOMS PER PATCH    40
Info: INITIAL TEMPERATURE    0
Info: CENTER OF MASS MOVING INITIALLY? NO
Info: DIELECTRIC             1
Info: EXCLUDE                SCALED ONE-FOUR
Info: 1-4 ELECTROSTATICS SCALED BY 1
Info: MODIFIED 1-4 VDW PARAMETERS WILL BE USED
Info: NO DCD TRAJECTORY OUTPUT
Info: NO EXTENDED SYSTEM TRAJECTORY OUTPUT
Info: NO VELOCITY DCD OUTPUT
Info: NO FORCE DCD OUTPUT
Info: OUTPUT FILENAME        mmgrad-mmjob-namd.out
Info: BINARY OUTPUT FILES WILL BE USED
Info: NO RESTART FILE
Info: SWITCHING ACTIVE
Info: SWITCHING ON           997.9
Info: SWITCHING OFF          999.9
Info: PAIRLIST DISTANCE      1001
Info: PAIRLIST SHRINK RATE   0.01
Info: PAIRLIST GROW RATE     0.01
Info: PAIRLIST TRIGGER       0.3
Info: PAIRLISTS PER CYCLE    2
Info: PAIRLISTS ENABLED
Info: MARGIN                 0
Info: HYDROGEN GROUP CUTOFF  2.5
Info: PATCH DIMENSION        1003.5
Info: CROSSTERM ENERGY INCLUDED IN DIHEDRAL
Info: TIMING OUTPUT STEPS    10
Info: TCL GLOBAL FORCES ACTIVE
Info: TCL GLOBAL FORCES SCRIPT INLINED IN CONFIG FILE
Info: USING VERLET I (r-RESPA) MTS SCHEME.
Info: C1 SPLITTING OF LONG RANGE ELECTROSTATICS
Info: PLACING ATOMS IN PATCHES BY HYDROGEN GROUPS
Info: RANDOM NUMBER SEED     1541603166
Info: USE HYDROGEN BONDS?    NO
Info: COORDINATE PDB         opt.pdb
Info: STRUCTURE FILE         qmmm-wat2.psf
Info: PARAMETER file: CHARMM format! 
Info: PARAMETERS             ions.prm
Info: PARAMETERS             newtypes.prm
Info: USING ARITHMETIC MEAN TO COMBINE L-J SIGMA PARAMETERS
Info: BINARY COORDINATES     zonkey.bin.coor
Info: SUMMARY OF PARAMETERS:
Info: 3 BONDS
Info: 1 ANGLES
Info: 0 DIHEDRAL
Info: 0 IMPROPER
Info: 0 CROSSTERM
Info: 20 VDW
Info: 7 VDW_PAIRS
Info: 0 NBTHOLE_PAIRS
Warning: Ignored 1 bonds with zero force constants.
Warning: Will get H-H distance in rigid H2O from H-O-H angle.
Info: TIME FOR READING PSF FILE: 6.50883e-05
Info: Reading pdb file opt.pdb
Info: TIME FOR READING PDB FILE: 2.31266e-05
Info: 
Info: ****************************
Info: STRUCTURE SUMMARY:
Info: 6 ATOMS
Info: 2 BONDS
Info: 1 ANGLES
Info: 0 DIHEDRALS
Info: 0 IMPROPERS
Info: 0 CROSSTERMS
Info: 0 EXCLUSIONS
Info: 15 DEGREES OF FREEDOM
Info: 4 HYDROGEN GROUPS
Info: 3 ATOMS IN LARGEST HYDROGEN GROUP
Info: 4 MIGRATION GROUPS
Info: 3 ATOMS IN LARGEST MIGRATION GROUP
Info: TOTAL MASS = 36.0308 amu
Info: TOTAL CHARGE = 0 e
Info: *****************************
Info: Reading from binary file zonkey.bin.coor
Info: 
Info: Entering startup at 0.00515008 s, 58.7578 MB of memory in use
Info: Startup phase 0 took 3.00407e-05 s, 58.7578 MB of memory in use
Info: ADDED 3 IMPLICIT EXCLUSIONS
Info: Startup phase 1 took 5.19753e-05 s, 58.7578 MB of memory in use
Info: NONBONDED TABLE R-SQUARED SPACING: 0.0625
Info: NONBONDED TABLE SIZE: 1537 POINTS
Info: ABSOLUTE IMPRECISION IN FAST TABLE ENERGY: 3.77401e-24 AT 999.712
Info: RELATIVE IMPRECISION IN FAST TABLE ENERGY: 6.19892e-17 AT 999.712
Info: INCONSISTENCY IN FAST TABLE ENERGY VS FORCE: 0.000290475 AT 0.251946
Info: ABSOLUTE IMPRECISION IN VDWA TABLE ENERGY: 9.03102e-52 AT 999.712
Info: RELATIVE IMPRECISION IN VDWA TABLE ENERGY: 6.68317e-15 AT 995.606
Info: ABSOLUTE IMPRECISION IN VDWA TABLE FORCE: 4.07832e-56 AT 995.606
Info: RELATIVE IMPRECISION IN VDWA TABLE FORCE: 3.17062e-16 AT 995.606
Info: INCONSISTENCY IN VDWA TABLE ENERGY VS FORCE: 1.94723 AT 997.661
ERROR: 
ERROR: CALCULATED VDWA FORCE MAY NOT MATCH ENERGY! POSSIBLE BUG!
ERROR: 
Info: ABSOLUTE IMPRECISION IN VDWB TABLE ENERGY: 1.45047e-33 AT 999.712
Info: RELATIVE IMPRECISION IN VDWB TABLE ENERGY: 5.61016e-17 AT 999.712
Info: ABSOLUTE IMPRECISION IN VDWB TABLE FORCE: 1.50463e-36 AT 999.712
Info: RELATIVE IMPRECISION IN VDWB TABLE FORCE: 1.83197e-16 AT 995.606
Info: INCONSISTENCY IN VDWB TABLE ENERGY VS FORCE: 3.30356 AT 997.661
ERROR: 
ERROR: CALCULATED VDWB FORCE MAY NOT MATCH ENERGY! POSSIBLE BUG!
ERROR: 
Info: Startup phase 2 took 0.000658035 s, 59.5391 MB of memory in use
Info: Startup phase 3 took 2.09808e-05 s, 59.5391 MB of memory in use
Info: Startup phase 4 took 1.69277e-05 s, 59.5391 MB of memory in use
Info: Startup phase 5 took 1.50204e-05 s, 59.5391 MB of memory in use
Info: ORIGINAL ATOMS MINMAX IS -1.86736 -0.840966 -0.790521  1.68596 0.432794 0.784403
Info: ADJUSTED ATOMS MINMAX IS -2.31153 -1.00019 -0.987387  2.13012 0.592015 0.981269
Info: PATCH GRID IS 1 BY 1 BY 1
Info: PATCH GRID IS 1-AWAY BY 1-AWAY BY 1-AWAY
Info: REMOVING COM VELOCITY 0 0 0
Info: LARGEST PATCH (0) HAS 6 ATOMS
Info: TORUS A SIZE 1 USING 0
Info: TORUS B SIZE 1 USING 0
Info: TORUS C SIZE 1 USING 0
Info: TORUS MINIMAL MESH SIZE IS 1 BY 1 BY 1
Info: Placed 100% of base nodes on same physical node as patch
Info: Startup phase 6 took 9.01222e-05 s, 59.5391 MB of memory in use
Info: Startup phase 7 took 2.09808e-05 s, 59.5391 MB of memory in use
Info: Startup phase 8 took 1.5974e-05 s, 59.5391 MB of memory in use
LDB: Central LB being created...
Info: Startup phase 9 took 2.09808e-05 s, 59.5391 MB of memory in use
Info: CREATING 12 COMPUTE OBJECTS
Info: Startup phase 10 took 0.000211954 s, 59.5391 MB of memory in use
Info: Startup phase 11 took 2.90871e-05 s, 59.5391 MB of memory in use
Info: Startup phase 12 took 2.38419e-05 s, 59.7734 MB of memory in use
Info: Finished startup at 0.006356 s, 59.7734 MB of memory in use

TCL: Running for 1 steps
ETITLE:      TS           BOND          ANGLE          DIHED          IMPRP               ELECT            VDW       BOUNDARY           MISC        KINETIC               TOTAL           TEMP      POTENTIAL         TOTAL3        TEMPAVG

ENERGY:       0         0.0002         0.0024         0.0000         0.0000              0.0000        -0.1900         0.0000         0.0000         0.0000             -0.1874         0.0000        -0.1874        -0.1874         0.0000

LDB: ============= START OF LOAD BALANCING ============== 0.00661802
LDB: ============== END OF LOAD BALANCING =============== 0.00662899
LDB: =============== DONE WITH MIGRATION ================ 0.00669408
ENERGY:       1         0.0002         0.0021         0.0000         0.0000              0.0000        -0.1900         0.0000         0.0000         0.0003             -0.1874         0.0204        -0.1877        -0.1874         0.0204

WRITING EXTENDED SYSTEM TO OUTPUT FILE AT STEP 1
WRITING COORDINATES TO OUTPUT FILE AT STEP 1
The last position output (seq=-2) takes 0.000 seconds, 59.902 MB of memory in use
WRITING VELOCITIES TO OUTPUT FILE AT STEP 1
The last velocity output (seq=-2) takes 0.000 seconds, 59.902 MB of memory in use
====================================================

WallClock: 0.006785  CPUTime: 0.007959  Memory: 59.902344 MB
[Partition 0][Node 0] End of program
